{"message":"Contact with id 3 deleted from address collection","level":"info"}
{"message":"Address with id 3 not found","level":"error"}
{"message":"Address with id 3 not found","level":"error"}
{"message":"Address with id 3 not found","level":"error"}
{"message":"Address with id 3 not found","level":"error"}
{"message":"Address with id 3 not found","level":"error"}
{"message":"Address with id 3 not found","level":"error"}
{"message":"Address with id 3 not found","level":"error"}
{"message":"Address with id 3 not found","level":"error"}
{"message":"Address with id 3 not found","level":"error"}
{"message":"Address with id 3 not found","level":"error"}
{"message":"Address with id 3 not found","level":"error"}
{"message":"Address with id 3 not found","level":"error"}
{"message":"Address with id 3 not found","level":"error"}
{"message":"Contact with id 3 not found","level":"error"}
{"message":"Contact with id 3 not found","level":"error"}
{"message":"Contact with id 3 not found","level":"error"}
{"message":"Contact with id 3 not found","level":"error"}
{"message":"Contact with id 3 not found","level":"error"}
{"message":"Contact with id 3 not found","level":"error"}
{"message":"Contact with id 3 not found","level":"error"}
{"message":"Contact with id 3 not found","level":"error"}
{"message":"Contact with id 3 not found","level":"error"}
{"message":"Contact with id 3 not found","level":"error"}
{"message":"Contact with id 3 not found","level":"error"}
{"message":"Contact with id 4 deleted from address collection","level":"info"}
{"message":"Contact with id 5 deleted from address collection","level":"info"}
{"message":"Contact with id 6 deleted from address collection","level":"info"}
{"message":"Contact with id 7 deleted from address collection","level":"info"}
{"message":"Contact with id 8 deleted from address collection","level":"info"}
{"message":"Contact with id 9 deleted from address collection","level":"info"}
{"message":"Contact with id 10 deleted from address collection","level":"info"}
{"message":"Contact with id 11 deleted from address collection","level":"info"}
{"message":"Contact with id 12 deleted from address collection","level":"info"}
{"message":"Contact with id 13 deleted from address collection","level":"info"}
{"message":"Contact with id 14 deleted from address collection","level":"info"}
{"message":"Contact with id 15 deleted from address collection","level":"info"}
{"message":"Invalid attempt due to missing parameter(s)","level":"error"}
{"message":"Invalid attempt due to missing parameter(s)","level":"error"}
{"message":"Invalid attempt due to missing parameter(s)","level":"error"}
{"message":"Invalid attempt due to missing parameter(s)","level":"error"}
{"message":"Invalid attempt due to missing parameter(s)","level":"error"}
{"message":"Invalid attempt due to missing parameter(s)","level":"error"}
{"message":"Invalid attempt due to missing parameter(s)","level":"error"}
{"message":"Invalid attempt due to missing parameter(s)","level":"error"}
{"message":"Invalid attempt due to missing parameter(s)","level":"error"}
{"message":"Invalid attempt due to missing cardType parameter","level":"error"}
{"message":"Invalid attempt due to missing cardType parameter","level":"error"}
{"message":"Invalid attempt due to missing cardType parameter","level":"error"}
{"message":"Invalid attempt due to missing cardType parameter","level":"error"}
{"message":"Invalid attempt due to missing cardType parameter","level":"error"}
{"message":"New timeline post with 99f8975b-a9ec-46cc-be5c-a84b19f4a51c created","level":"info"}
{"message":"New timeline post with d59bd2e6-598c-42cc-b3f8-d1e01dfb5883 created","level":"info"}
{"message":"New timeline post with 5cbda4e6-93c6-4d1d-b216-85adcf0e8bcd created","level":"info"}
{"message":"New timeline post with dbeed967-e5a2-4910-a6ae-c97799a99890 created","level":"info"}
{"message":"New timeline post with 96ca8721-c0f8-42dc-be7d-f7a1dbcfa4c4 created","level":"info"}
{"message":"New timeline post with 2a608518-50f8-429f-93dd-318c8388b671 created","level":"info"}
{"message":"New timeline post with 1916a46f-ddf7-4fc6-bc27-cfc330fee111 created","level":"info"}
{"message":"New timeline post with id a2f35a3b-5d3c-49a9-9a75-6b145c0b55e7 created","level":"info"}
